[2021-06-15 03:28:18] START
[2021-06-15 03:28:34] EDIT model_twelve/models/menu.py: 0
[2021-06-15 03:30:31] EDIT model_twelve/views/layout.html: 0
[2021-06-15 03:31:16] EDIT model_twelve/views/layout.html: 1
[2021-06-15 03:31:26] EDIT model_twelve/views/layout.html: 0
[2021-06-15 03:31:58] EDIT model_twelve/views/layout.html: 0
[2021-06-15 03:33:01] EDIT model_twelve/views/layout.html: 0
[2021-06-15 03:33:08] EDIT model_twelve/views/layout.html: 0
[2021-06-15 03:33:55] EDIT model_twelve/views/layout.html: 0
[2021-06-15 03:33:58] EDIT model_twelve/views/layout.html: 0
[2021-06-15 03:34:19] EDIT model_twelve/views/layout.html: 0
[2021-06-15 03:35:06] EDIT model_twelve/views/layout.html: 0
[2021-06-15 03:35:08] EDIT model_twelve/views/layout.html: 0
[2021-06-15 03:35:33] EDIT model_twelve/views/layout.html: 0
[2021-06-15 03:35:50] EDIT model_twelve/controllers/default.py: -1
[2021-06-15 03:36:19] EDIT model_twelve/views/default/index.html: -32
[2021-06-15 04:28:19] EDIT model_twelve/views/default/index.html: 82
[2021-06-15 04:29:47] EDIT model_twelve/views/default/index.html: 0
[2021-06-15 04:30:12] EDIT model_twelve/views/default/index.html: 0
[2021-06-15 04:30:29] EDIT model_twelve/views/default/index.html: 0
[2021-06-16 03:31:57] EDIT model_twelve/models/menu.py: 2
[2021-06-16 03:32:07] EDIT model_twelve/models/menu.py: 0
[2021-06-16 03:32:35] EDIT model_twelve/models/menu.py: 0
[2021-06-16 03:33:21] CREATE acs_empresa.py: 0
[2021-06-16 03:33:26] EDIT model_twelve/controllers/acs_empresa.py: 0
[2021-06-16 03:33:58] CREATE acs_empresa/index.html: 0
[2021-06-16 03:40:16] EDIT model_twelve/views/acs_empresa/index.html: 56
[2021-06-16 03:40:53] EDIT model_twelve/views/acs_empresa/index.html: 0
[2021-06-16 03:42:39] EDIT model_twelve/views/acs_empresa/index.html: 0
[2021-06-16 03:43:33] EDIT model_twelve/views/acs_empresa/index.html: 0
[2021-06-16 03:43:55] EDIT model_twelve/views/acs_empresa/index.html: 0
[2021-06-16 03:44:36] CREATE db1.py: 0
[2021-06-16 03:44:55] CREATE db1.py: 0
[2021-06-16 03:45:02] DELETE model_twelve/controllers/db1.py: -1
[2021-06-16 03:46:47] EDIT model_twelve/views/acs_empresa/index.html: 26
[2021-06-16 03:47:26] EDIT model_twelve/views/acs_empresa/index.html: 0
[2021-06-16 03:48:07] EDIT model_twelve/views/acs_empresa/index.html: 0
[2021-06-16 04:01:54] EDIT model_twelve/models/db1.py: 16
[2021-06-16 04:04:55] EDIT model_twelve/controllers/acs_empresa.py: 8
[2021-06-16 04:05:46] EDIT model_twelve/views/acs_empresa/index.html: 0
[2021-06-16 04:05:57] EDIT model_twelve/controllers/acs_empresa.py: 1
[2021-06-16 04:06:37] EDIT model_twelve/controllers/acs_empresa.py: 10
[2021-06-16 04:07:21] EDIT model_twelve/controllers/acs_empresa.py: 21
[2021-06-16 04:08:52] EDIT model_twelve/views/acs_empresa/index.html: 0
[2021-06-16 04:10:19] EDIT model_twelve/views/acs_empresa/index.html: 3
[2021-06-16 04:12:01] EDIT model_twelve/views/acs_empresa/index.html: 6
[2021-06-16 04:12:20] EDIT model_twelve/views/acs_empresa/index.html: 0
[2021-06-16 04:13:02] EDIT model_twelve/views/acs_empresa/index.html: 4
[2021-06-16 04:13:34] EDIT model_twelve/views/acs_empresa/index.html: 0
[2021-06-16 04:13:46] EDIT model_twelve/views/acs_empresa/index.html: 0
[2021-06-16 04:15:18] CREATE acs_fluxo_caixa.py: 0
[2021-06-16 04:15:29] CREATE acs_fluxo_caixa/index.html: 0
[2021-06-16 04:27:21] EDIT model_twelve/views/acs_fluxo_caixa/index.html: 60
[2021-06-16 04:27:40] EDIT model_twelve/views/acs_fluxo_caixa/index.html: -4
[2021-06-16 04:28:09] EDIT model_twelve/views/acs_fluxo_caixa/index.html: 0
[2021-06-16 04:28:32] EDIT model_twelve/views/acs_fluxo_caixa/index.html: 0
[2021-06-16 04:36:36] EDIT model_twelve/views/acs_fluxo_caixa/index.html: 4
[2021-06-16 04:37:00] EDIT model_twelve/views/acs_fluxo_caixa/index.html: 0
[2021-06-16 04:37:20] EDIT model_twelve/views/acs_fluxo_caixa/index.html: 0
[2021-06-16 04:37:52] EDIT model_twelve/views/acs_fluxo_caixa/index.html: 0
[2021-06-16 04:39:10] EDIT model_twelve/views/acs_fluxo_caixa/index.html: 0
[2021-06-16 04:39:27] EDIT model_twelve/views/acs_fluxo_caixa/index.html: 0
[2021-06-16 04:39:54] EDIT model_twelve/views/acs_fluxo_caixa/index.html: 0
[2021-06-16 04:40:18] EDIT model_twelve/views/acs_fluxo_caixa/index.html: 0
[2021-06-16 04:40:44] EDIT model_twelve/views/acs_fluxo_caixa/index.html: 0
[2021-06-16 04:41:15] EDIT model_twelve/views/acs_fluxo_caixa/index.html: 0
[2021-06-16 04:42:03] EDIT model_twelve/views/acs_fluxo_caixa/index.html: 0
[2021-06-16 04:42:32] EDIT model_twelve/views/acs_fluxo_caixa/index.html: 0
[2021-06-16 04:44:14] EDIT model_twelve/views/acs_fluxo_caixa/index.html: 0
[2021-06-16 04:44:39] EDIT model_twelve/views/acs_fluxo_caixa/index.html: 0
[2021-06-16 04:44:42] EDIT model_twelve/views/acs_fluxo_caixa/index.html: 0
[2021-06-16 04:44:59] EDIT model_twelve/views/acs_fluxo_caixa/index.html: 0
[2021-06-16 04:45:59] EDIT model_twelve/views/acs_fluxo_caixa/index.html: 0
[2021-06-16 04:46:47] EDIT model_twelve/controllers/acs_fluxo_caixa.py: 9
[2021-06-16 04:47:02] EDIT model_twelve/views/acs_fluxo_caixa/index.html: 0
[2021-06-16 04:47:12] EDIT model_twelve/views/acs_fluxo_caixa/index.html: 0
[2021-06-16 04:50:10] EDIT model_twelve/models/db1.py: 9
[2021-06-16 04:50:26] EDIT model_twelve/models/db1.py: 0
[2021-06-16 04:51:42] EDIT model_twelve/models/db1.py: 1
[2021-06-16 04:53:01] EDIT model_twelve/models/db1.py: 0
[2021-06-16 05:00:30] EDIT model_twelve/controllers/acs_fluxo_caixa.py: 108
[2021-06-16 05:29:11] EDIT model_twelve/controllers/acs_fluxo_caixa.py: -99
[2021-06-16 05:29:38] EDIT model_twelve/controllers/acs_fluxo_caixa.py: 0
[2021-06-16 05:29:42] EDIT model_twelve/controllers/acs_fluxo_caixa.py: 0
[2021-06-16 05:30:19] EDIT model_twelve/controllers/acs_fluxo_caixa.py: 1
[2021-06-16 05:30:30] EDIT model_twelve/controllers/acs_fluxo_caixa.py: -1
[2021-06-16 05:30:53] EDIT model_twelve/controllers/acs_fluxo_caixa.py: 0
[2021-06-16 05:32:05] EDIT model_twelve/controllers/acs_fluxo_caixa.py: 0
[2021-06-16 05:32:50] EDIT model_twelve/controllers/acs_fluxo_caixa.py: 0
[2021-06-16 05:33:05] EDIT model_twelve/controllers/acs_fluxo_caixa.py: 0
[2021-06-16 05:35:06] EDIT model_twelve/controllers/acs_fluxo_caixa.py: 6
[2021-06-16 05:35:26] EDIT model_twelve/controllers/acs_fluxo_caixa.py: 1
[2021-06-16 05:35:45] EDIT model_twelve/controllers/acs_fluxo_caixa.py: -1
[2021-06-16 05:35:49] EDIT model_twelve/controllers/acs_fluxo_caixa.py: 0
[2021-06-16 05:37:44] EDIT model_twelve/views/acs_fluxo_caixa/index.html: 0
[2021-06-16 05:39:12] EDIT model_twelve/models/db1.py: 1
[2021-06-16 05:40:12] EDIT model_twelve/models/db1.py: 0
[2021-06-16 05:40:40] EDIT model_twelve/controllers/acs_fluxo_caixa.py: 4
[2021-06-16 05:43:08] EDIT model_twelve/views/acs_fluxo_caixa/index.html: 0
[2021-06-16 05:43:57] EDIT model_twelve/controllers/acs_fluxo_caixa.py: 26
[2021-06-16 05:44:23] EDIT model_twelve/controllers/acs_fluxo_caixa.py: 3
[2021-06-16 05:44:46] EDIT model_twelve/models/db1.py: 1
[2021-06-16 05:46:03] UPLOAD /home/ArsenalSystem/web2py/applications/model_twelve/static/js/jquery.mask.js: 532
[2021-06-16 05:46:44] EDIT model_twelve/views/layout.html: 1
[2021-06-16 05:47:18] EDIT model_twelve/views/web2py_ajax.html: 0
[2021-06-16 05:48:40] EDIT model_twelve/views/generic.html: 7
[2021-06-16 05:50:53] EDIT model_twelve/views/acs_fluxo_caixa/index.html: 8
[2021-06-16 05:51:29] EDIT model_twelve/controllers/acs_fluxo_caixa.py: 0
[2021-06-16 05:52:18] EDIT model_twelve/views/acs_fluxo_caixa/index.html: 2
[2021-06-16 05:52:56] EDIT model_twelve/controllers/acs_fluxo_caixa.py: 0
[2021-06-16 05:53:51] EDIT model_twelve/views/acs_fluxo_caixa/index.html: -2
[2021-06-16 05:54:14] EDIT model_twelve/views/acs_fluxo_caixa/index.html: 0
[2021-06-16 05:54:23] EDIT model_twelve/views/acs_fluxo_caixa/index.html: -6
[2021-06-16 05:54:47] EDIT model_twelve/views/acs_fluxo_caixa/index.html: 0
[2021-06-16 05:55:41] EDIT model_twelve/views/acs_fluxo_caixa/index.html: 4
[2021-06-16 05:56:25] EDIT model_twelve/views/acs_fluxo_caixa/index.html: 3
[2021-06-16 05:56:58] EDIT model_twelve/views/acs_fluxo_caixa/index.html: 0
[2021-06-16 05:57:07] EDIT model_twelve/views/acs_fluxo_caixa/index.html: 0
[2021-06-16 05:58:10] EDIT model_twelve/views/acs_fluxo_caixa/index.html: 3
[2021-06-16 05:59:09] EDIT model_twelve/views/acs_fluxo_caixa/index.html: 0
[2021-06-16 05:59:54] EDIT model_twelve/views/acs_fluxo_caixa/index.html: 5
[2021-06-16 06:00:01] EDIT model_twelve/views/acs_fluxo_caixa/index.html: 0
[2021-06-16 06:02:10] EDIT model_twelve/views/acs_fluxo_caixa/index.html: 0
[2021-06-16 06:03:21] EDIT model_twelve/views/acs_fluxo_caixa/index.html: 3
[2021-06-16 06:03:37] EDIT model_twelve/views/acs_fluxo_caixa/index.html: 0
[2021-06-16 06:04:51] EDIT model_twelve/controllers/acs_fluxo_caixa.py: 1
[2021-06-16 06:05:06] EDIT model_twelve/controllers/acs_fluxo_caixa.py: 1
[2021-06-16 06:05:32] EDIT model_twelve/controllers/acs_fluxo_caixa.py: 0
[2021-06-16 06:06:15] EDIT model_twelve/controllers/acs_fluxo_caixa.py: -1
[2021-06-16 06:06:45] EDIT model_twelve/controllers/acs_fluxo_caixa.py: 0
[2021-06-16 06:06:56] EDIT model_twelve/controllers/acs_fluxo_caixa.py: 0
[2021-06-16 06:07:34] EDIT model_twelve/controllers/acs_fluxo_caixa.py: -1
[2021-06-16 06:07:38] EDIT model_twelve/views/acs_fluxo_caixa/index.html: 2
[2021-06-16 06:07:54] EDIT model_twelve/controllers/acs_fluxo_caixa.py: 0
[2021-06-16 06:07:57] EDIT model_twelve/views/acs_fluxo_caixa/index.html: 0
[2021-06-16 06:08:34] EDIT model_twelve/views/acs_fluxo_caixa/index.html: 0
[2021-06-16 06:08:55] EDIT model_twelve/views/acs_fluxo_caixa/index.html: 0
[2021-06-16 06:11:29] EDIT model_twelve/views/acs_fluxo_caixa/index.html: 0
[2021-06-16 06:16:24] EDIT model_twelve/views/acs_fluxo_caixa/index.html: 0
[2021-06-16 06:16:49] EDIT model_twelve/views/acs_fluxo_caixa/index.html: 0
[2021-06-16 06:17:00] EDIT model_twelve/views/acs_fluxo_caixa/index.html: 0
[2021-06-16 06:17:09] EDIT model_twelve/views/acs_fluxo_caixa/index.html: 0
[2021-06-16 06:18:54] EDIT model_twelve/controllers/acs_fluxo_caixa.py: 24
[2021-06-16 06:19:10] EDIT model_twelve/controllers/acs_fluxo_caixa.py: 3
[2021-06-16 06:31:30] EDIT model_twelve/controllers/acs_fluxo_caixa.py: 0
[2021-06-16 07:02:05] EDIT model_twelve/controllers/acs_fluxo_caixa.py: 0
[2021-06-16 07:20:04] EDIT model_twelve/controllers/acs_fluxo_caixa.py: 2
[2021-06-16 07:20:43] EDIT model_twelve/models/db1.py: 0
[2021-06-16 07:21:54] EDIT model_twelve/models/db1.py: 3
[2021-06-16 07:30:29] EDIT model_twelve/controllers/acs_fluxo_caixa.py: 12
[2021-06-16 07:30:58] EDIT model_twelve/controllers/acs_fluxo_caixa.py: 0
[2021-06-16 07:31:18] EDIT model_twelve/controllers/acs_fluxo_caixa.py: 1
[2021-06-16 07:31:50] EDIT model_twelve/views/acs_empresa/index.html: 0
[2021-06-16 07:32:47] EDIT model_twelve/controllers/acs_fluxo_caixa.py: 0
[2021-06-16 07:34:20] EDIT model_twelve/controllers/acs_fluxo_caixa.py: -1
[2021-06-16 07:34:46] EDIT model_twelve/controllers/acs_fluxo_caixa.py: 0
[2021-06-16 07:35:23] EDIT model_twelve/controllers/acs_fluxo_caixa.py: 0
[2021-06-16 07:36:12] EDIT model_twelve/controllers/acs_fluxo_caixa.py: 0
[2021-06-16 07:36:20] EDIT model_twelve/controllers/acs_fluxo_caixa.py: 0
[2021-06-16 07:37:29] EDIT model_twelve/controllers/acs_fluxo_caixa.py: 0
[2021-06-16 07:37:44] EDIT model_twelve/controllers/acs_fluxo_caixa.py: 0
[2021-06-16 07:37:46] EDIT model_twelve/controllers/acs_fluxo_caixa.py: 0
[2021-06-16 07:38:05] EDIT model_twelve/controllers/acs_fluxo_caixa.py: 0
[2021-06-16 07:38:51] EDIT model_twelve/controllers/acs_fluxo_caixa.py: 0
[2021-06-16 07:39:18] EDIT model_twelve/controllers/acs_fluxo_caixa.py: 0
[2021-06-16 07:41:45] EDIT model_twelve/controllers/acs_fluxo_caixa.py: 0
[2021-06-16 07:44:55] EDIT model_twelve/controllers/acs_fluxo_caixa.py: 0
[2021-06-16 07:45:23] EDIT model_twelve/controllers/acs_fluxo_caixa.py: 0
[2021-06-16 07:45:48] EDIT model_twelve/controllers/acs_fluxo_caixa.py: 0
[2021-06-16 07:50:33] EDIT model_twelve/controllers/acs_fluxo_caixa.py: 0
[2021-06-16 07:50:57] EDIT model_twelve/controllers/acs_fluxo_caixa.py: 0
[2021-06-16 07:51:08] EDIT model_twelve/controllers/acs_fluxo_caixa.py: 0
[2021-06-16 07:51:32] EDIT model_twelve/controllers/acs_fluxo_caixa.py: 0
[2021-06-16 07:55:15] EDIT model_twelve/controllers/acs_fluxo_caixa.py: 0
[2021-06-16 07:58:18] EDIT model_twelve/controllers/acs_fluxo_caixa.py: 2
[2021-06-16 07:58:25] EDIT model_twelve/controllers/acs_fluxo_caixa.py: 0
[2021-06-16 08:01:59] EDIT model_twelve/controllers/acs_fluxo_caixa.py: 6
[2021-06-16 08:02:40] EDIT model_twelve/views/acs_empresa/index.html: 0
[2021-06-16 08:04:43] EDIT model_twelve/models/db1.py: 1
[2021-06-16 08:05:23] EDIT model_twelve/controllers/acs_fluxo_caixa.py: 1
[2021-06-16 08:05:41] EDIT model_twelve/views/acs_empresa/index.html: 0
[2021-06-16 08:06:58] EDIT model_twelve/views/acs_empresa/index.html: 0
[2021-06-16 08:07:28] EDIT model_twelve/views/acs_empresa/index.html: 1
[2021-06-16 08:07:51] EDIT model_twelve/controllers/acs_fluxo_caixa.py: 0
[2021-06-16 08:08:56] EDIT model_twelve/views/acs_empresa/index.html: 3
[2021-06-16 08:14:25] EDIT model_twelve/views/acs_empresa/index.html: 4
[2021-06-16 08:18:21] EDIT model_twelve/models/db1.py: 11
[2021-06-16 08:18:39] EDIT model_twelve/models/db1.py: 1
[2021-06-16 08:18:59] CREATE acs_prospeccao.py: 0
[2021-06-16 08:19:38] CREATE acs_prospeccao/index.html: 0
[2021-06-16 08:44:52] EDIT model_twelve/views/acs_prospeccao/index.html: 54
[2021-06-16 08:45:26] EDIT model_twelve/views/acs_prospeccao/index.html: 0
[2021-06-16 08:45:33] EDIT model_twelve/views/acs_prospeccao/index.html: 0
[2021-06-16 08:45:43] EDIT model_twelve/views/acs_prospeccao/index.html: 0
[2021-06-16 08:47:46] EDIT model_twelve/controllers/acs_prospeccao.py: 25
[2021-06-16 08:49:05] EDIT model_twelve/controllers/acs_prospeccao.py: 25
[2021-06-16 08:50:03] EDIT model_twelve/views/acs_prospeccao/index.html: 0
[2021-06-16 08:50:38] EDIT model_twelve/views/acs_prospeccao/index.html: 5
[2021-06-16 08:51:07] EDIT model_twelve/views/acs_prospeccao/index.html: -2
[2021-06-16 08:51:26] EDIT model_twelve/views/acs_prospeccao/index.html: 2
[2021-06-16 08:52:14] EDIT model_twelve/models/db1.py: 0
[2021-06-16 08:52:47] EDIT model_twelve/models/db1.py: 0
[2021-06-16 09:00:25] EDIT model_twelve/controllers/acs_prospeccao.py: 30
[2021-06-16 09:01:01] EDIT model_twelve/controllers/acs_prospeccao.py: -3
[2021-06-16 09:01:11] EDIT model_twelve/controllers/acs_prospeccao.py: 0
[2021-06-16 09:01:18] EDIT model_twelve/controllers/acs_fluxo_caixa.py: 0
[2021-06-16 09:02:46] EDIT model_twelve/views/acs_prospeccao/index.html: 5
[2021-06-16 09:04:15] EDIT model_twelve/views/acs_prospeccao/index.html: 3
[2021-06-16 09:05:02] EDIT model_twelve/views/acs_prospeccao/index.html: 0
[2021-06-16 09:05:32] EDIT model_twelve/views/acs_prospeccao/index.html: 0
[2021-06-16 09:05:55] EDIT model_twelve/views/acs_prospeccao/index.html: 0
[2021-06-16 09:06:38] EDIT model_twelve/views/acs_prospeccao/index.html: 0
[2021-06-16 09:09:38] EDIT model_twelve/views/generic.html: 0
[2021-06-16 09:10:24] EDIT model_twelve/controllers/acs_prospeccao.py: 0
[2021-06-16 09:11:00] EDIT model_twelve/controllers/acs_prospeccao.py: 0
[2021-06-16 09:11:30] EDIT model_twelve/models/db1.py: 0
[2021-06-16 09:11:39] EDIT model_twelve/models/db1.py: 0
[2021-06-16 09:13:05] EDIT model_twelve/views/generic.html: 1
[2021-06-16 09:13:43] EDIT model_twelve/views/acs_prospeccao/index.html: 0
[2021-06-16 09:13:58] EDIT model_twelve/views/acs_prospeccao/index.html: 0
[2021-06-16 09:14:23] EDIT model_twelve/views/acs_prospeccao/index.html: 0
[2021-06-16 09:14:50] EDIT model_twelve/views/acs_prospeccao/index.html: 0
[2021-06-16 09:17:44] EDIT model_twelve/models/db1.py: 2
[2021-06-16 09:19:43] EDIT model_twelve/controllers/acs_prospeccao.py: 6
[2021-06-16 09:21:22] EDIT model_twelve/views/acs_empresa/index.html: 0
[2021-06-16 09:21:37] EDIT model_twelve/models/db1.py: 1
[2021-06-16 09:21:51] EDIT model_twelve/views/acs_empresa/index.html: 0
[2021-06-16 09:22:28] EDIT model_twelve/controllers/acs_prospeccao.py: 1
[2021-06-16 09:22:41] EDIT model_twelve/controllers/acs_prospeccao.py: 1
[2021-06-16 09:24:12] EDIT model_twelve/controllers/acs_prospeccao.py: 0
[2021-06-16 09:25:02] EDIT model_twelve/views/acs_empresa/index.html: 0
[2021-06-16 09:27:26] EDIT model_twelve/controllers/acs_prospeccao.py: 0
[2021-06-16 09:30:21] EDIT model_twelve/controllers/acs_prospeccao.py: 0
[2021-06-16 09:33:01] EDIT model_twelve/views/acs_empresa/index.html: 0
[2021-06-16 09:33:10] EDIT model_twelve/views/acs_empresa/index.html: 0
[2021-06-16 09:34:57] EDIT model_twelve/views/acs_empresa/index.html: 2
[2021-06-16 10:00:56] EDIT model_twelve/views/acs_prospeccao/index.html: 1
[2021-06-16 10:01:23] EDIT model_twelve/views/acs_prospeccao/index.html: 2
[2021-06-16 10:01:35] EDIT model_twelve/views/acs_prospeccao/index.html: -2
[2021-06-16 10:03:19] EDIT model_twelve/views/acs_prospeccao/index.html: -7
[2021-06-16 10:03:27] EDIT model_twelve/views/acs_prospeccao/index.html: 1
[2021-06-16 10:03:43] EDIT model_twelve/views/acs_prospeccao/index.html: 0
[2021-06-16 10:03:49] EDIT model_twelve/views/acs_prospeccao/index.html: -1
[2021-06-16 10:04:03] EDIT model_twelve/views/acs_prospeccao/index.html: 0
[2021-06-16 10:04:23] EDIT model_twelve/views/acs_prospeccao/index.html: -2
[2021-06-16 10:06:49] EDIT model_twelve/views/acs_prospeccao/index.html: 17
[2021-06-16 10:07:18] EDIT model_twelve/views/acs_prospeccao/index.html: 0
[2021-06-16 10:07:58] EDIT model_twelve/views/acs_prospeccao/index.html: 4
[2021-06-17 16:20:40] EDIT model_twelve/models/db1.py: 12
[2021-06-17 16:23:15] EDIT model_twelve/views/acs_empresa/index.html: 7
[2021-06-17 16:24:10] EDIT model_twelve/views/acs_empresa/index.html: 3
[2021-06-17 16:24:22] EDIT model_twelve/views/acs_empresa/index.html: -1
[2021-06-17 16:25:12] EDIT model_twelve/models/db1.py: 3
[2021-06-17 16:25:30] EDIT model_twelve/views/acs_empresa/index.html: 0
[2021-06-17 16:25:47] EDIT model_twelve/views/acs_empresa/index.html: 0
[2021-06-17 16:26:08] CREATE acs_cliente.py: 0
[2021-06-17 16:27:54] EDIT model_twelve/controllers/acs_cliente.py: 94
[2021-06-17 16:28:30] EDIT model_twelve/controllers/acs_cliente.py: -1
[2021-06-17 16:28:42] CREATE acs_cliente/index.html: 0
[2021-06-17 16:33:36] EDIT model_twelve/views/acs_cliente/index.html: 224
[2021-06-17 16:33:52] EDIT model_twelve/views/acs_cliente/index.html: 0
[2021-06-17 16:34:21] EDIT model_twelve/controllers/acs_cliente.py: -4
[2021-06-17 16:35:01] EDIT model_twelve/views/generic.html: 1
[2021-06-17 16:35:49] EDIT model_twelve/models/db1.py: 1
[2021-06-17 16:36:27] EDIT model_twelve/views/generic.html: 1
[2021-06-17 16:36:28] EDIT model_twelve/views/generic.html: 0
[2021-06-17 16:37:44] EDIT model_twelve/models/db1.py: 0
[2021-06-17 16:39:14] EDIT model_twelve/views/acs_cliente/index.html: -4
[2021-06-17 16:39:34] EDIT model_twelve/views/acs_cliente/index.html: 0
[2021-06-17 16:39:58] EDIT model_twelve/views/acs_cliente/index.html: -1
[2021-06-17 16:40:18] EDIT model_twelve/views/acs_cliente/index.html: 1
[2021-06-17 16:40:55] EDIT model_twelve/views/acs_cliente/index.html: -7
[2021-06-17 16:41:54] EDIT model_twelve/views/acs_cliente/index.html: 2
[2021-06-17 16:42:08] EDIT model_twelve/views/acs_cliente/index.html: 0
[2021-06-17 16:42:18] EDIT model_twelve/views/acs_cliente/index.html: 0
[2021-06-17 16:42:23] EDIT model_twelve/views/acs_cliente/index.html: 0
[2021-06-17 16:57:07] EDIT model_twelve/controllers/acs_cliente.py: 0
[2021-06-17 16:58:22] EDIT model_twelve/views/acs_cliente/index.html: 7
[2021-06-17 17:07:21] EDIT model_twelve/views/acs_cliente/index.html: 3
[2021-06-17 17:07:27] EDIT model_twelve/views/acs_cliente/index.html: 1
[2021-06-17 17:07:42] EDIT model_twelve/views/acs_cliente/index.html: -2
[2021-06-17 17:07:52] EDIT model_twelve/views/acs_cliente/index.html: 1
[2021-06-17 17:08:22] EDIT model_twelve/views/acs_cliente/index.html: 0
[2021-06-17 17:08:49] EDIT model_twelve/views/acs_cliente/index.html: 1
[2021-06-17 21:51:56] UPLOAD /home/ArsenalSystem/web2py/applications/model_twelve/static/images/ico.ico: 7
[2021-06-17 21:52:16] UPLOAD /home/ArsenalSystem/web2py/applications/model_twelve/static/images/ico.png: 347
[2021-06-17 21:52:43] EDIT model_twelve/views/layout.html: 0
[2021-06-17 21:54:35] CREATE db2.py: 0
[2021-06-17 21:55:15] EDIT model_twelve/models/db1.py: 0
[2021-06-17 21:56:12] EDIT model_twelve/models/db2.py: 12
[2021-06-17 21:58:54] EDIT model_twelve/controllers/acs_cliente.py: -1
[2021-06-17 21:59:42] EDIT model_twelve/controllers/acs_cliente.py: 0
[2021-06-17 22:00:47] EDIT model_twelve/controllers/acs_cliente.py: 0
[2021-06-17 22:01:29] EDIT model_twelve/controllers/acs_cliente.py: 0
[2021-06-17 22:02:49] EDIT model_twelve/controllers/acs_cliente.py: 0
[2021-06-17 22:02:51] EDIT model_twelve/controllers/acs_cliente.py: 0
[2021-06-17 22:03:16] EDIT model_twelve/controllers/acs_cliente.py: 0
[2021-06-18 15:34:53] EDIT model_twelve/views/acs_empresa/index.html: 0
[2021-06-18 15:39:48] EDIT model_twelve/views/acs_empresa/index.html: 6
[2021-06-18 15:40:07] EDIT model_twelve/models/db1.py: 1
[2021-06-18 15:42:59] EDIT model_twelve/controllers/acs_cliente.py: 6
[2021-06-18 15:43:34] EDIT model_twelve/controllers/acs_cliente.py: 0
[2021-06-18 15:43:43] EDIT model_twelve/controllers/acs_cliente.py: 0
[2021-06-18 15:44:20] EDIT model_twelve/controllers/acs_cliente.py: 0
[2021-06-18 15:44:39] EDIT model_twelve/models/db1.py: 0
[2021-06-18 15:45:31] EDIT model_twelve/views/acs_empresa/index.html: 0
[2021-06-18 15:46:10] EDIT model_twelve/views/acs_empresa/index.html: 1
[2021-06-18 15:46:13] EDIT model_twelve/views/acs_empresa/index.html: 0
[2021-06-18 15:47:09] EDIT model_twelve/views/acs_empresa/index.html: 4
[2021-06-18 15:47:31] EDIT model_twelve/views/acs_empresa/index.html: 0
[2021-06-18 15:49:12] CREATE acs_projeto.py: 0
[2021-06-18 15:51:08] EDIT model_twelve/controllers/acs_projeto.py: 85
[2021-06-18 15:51:31] EDIT model_twelve/views/acs_empresa/index.html: 6
[2021-06-18 15:51:46] CREATE acs_projeto/index.html: 0
[2021-06-18 15:54:37] EDIT model_twelve/views/acs_projeto/index.html: 211
[2021-06-18 15:54:55] EDIT model_twelve/views/acs_projeto/index.html: 0
[2021-06-18 15:55:13] EDIT model_twelve/controllers/acs_projeto.py: 0
[2021-06-18 15:55:43] EDIT model_twelve/models/db2.py: 0
[2021-06-18 15:56:33] EDIT model_twelve/views/generic.html: 1
[2021-06-18 15:58:16] EDIT model_twelve/controllers/acs_projeto.py: 0
[2021-06-18 15:59:28] EDIT model_twelve/views/acs_projeto/index.html: -4
[2021-06-18 15:59:38] EDIT model_twelve/views/acs_projeto/index.html: -2
[2021-06-18 16:00:37] EDIT model_twelve/views/acs_projeto/index.html: 1
[2021-06-18 16:00:57] EDIT model_twelve/views/acs_projeto/index.html: -1
[2021-06-18 16:01:18] EDIT model_twelve/views/acs_projeto/index.html: 0
[2021-06-19 03:29:13] EDIT model_twelve/models/db2.py: 29
[2021-06-19 03:30:59] EDIT model_twelve/views/acs_empresa/index.html: 6
[2021-06-19 03:31:06] EDIT model_twelve/views/acs_empresa/index.html: 0
[2021-06-19 03:31:27] CREATE acs_funcionario.py: 0
[2021-06-19 03:32:26] EDIT model_twelve/controllers/acs_funcionario.py: 86
[2021-06-19 03:32:31] EDIT model_twelve/controllers/acs_funcionario.py: -2
[2021-06-19 03:32:43] CREATE acs_funcionario/index.html: 0
[2021-06-19 03:33:07] EDIT model_twelve/views/acs_funcionario/index.html: 226
[2021-06-19 03:35:31] EDIT model_twelve/views/acs_funcionario/index.html: -17
[2021-06-19 03:36:02] EDIT model_twelve/views/acs_funcionario/index.html: 0
[2021-06-19 03:36:22] EDIT model_twelve/models/db2.py: 0
[2021-06-19 03:36:32] EDIT model_twelve/views/acs_funcionario/index.html: 0
[2021-06-19 03:36:43] EDIT model_twelve/views/acs_funcionario/index.html: -1
[2021-06-19 03:36:50] EDIT model_twelve/views/acs_funcionario/index.html: -1
[2021-06-19 03:37:51] EDIT model_twelve/views/acs_funcionario/index.html: 1
[2021-06-19 03:37:58] EDIT model_twelve/views/acs_funcionario/index.html: 0
[2021-06-19 03:38:02] EDIT model_twelve/views/acs_funcionario/index.html: 0
[2021-06-19 03:39:36] EDIT model_twelve/views/acs_empresa/index.html: 6
[2021-06-19 03:39:51] CREATE acs_producao.py: 0
[2021-06-19 03:40:02] CREATE acs_producao/index.html: 0
[2021-06-19 03:40:59] EDIT model_twelve/controllers/acs_producao.py: 95
[2021-06-19 03:41:56] EDIT model_twelve/controllers/acs_producao.py: 0
[2021-06-19 03:42:43] EDIT model_twelve/controllers/acs_producao.py: -7
[2021-06-19 03:43:17] EDIT model_twelve/controllers/acs_producao.py: 0
[2021-06-19 03:44:29] EDIT model_twelve/views/acs_producao/index.html: 82
[2021-06-19 03:45:12] EDIT model_twelve/views/acs_producao/index.html: 0
[2021-06-19 03:45:26] EDIT model_twelve/views/acs_producao/index.html: 0
[2021-06-19 03:46:03] EDIT model_twelve/views/acs_producao/index.html: 4
[2021-06-19 03:46:58] EDIT model_twelve/views/acs_producao/index.html: 8
[2021-06-19 03:47:43] EDIT model_twelve/views/acs_producao/index.html: 0
[2021-06-19 03:48:09] EDIT model_twelve/views/acs_producao/index.html: 0
[2021-06-19 03:48:57] EDIT model_twelve/controllers/acs_producao.py: 0
[2021-06-19 03:49:28] EDIT model_twelve/controllers/acs_producao.py: -3
[2021-06-19 03:49:57] EDIT model_twelve/controllers/acs_producao.py: 1
[2021-06-19 03:50:14] EDIT model_twelve/controllers/acs_producao.py: -3
[2021-06-19 03:52:00] EDIT model_twelve/controllers/acs_producao.py: 2
[2021-06-19 03:53:13] EDIT model_twelve/models/db2.py: 0
[2021-06-19 03:55:50] EDIT model_twelve/views/acs_producao/index.html: -7
[2021-06-19 03:56:34] EDIT model_twelve/views/acs_producao/index.html: 0
[2021-06-19 03:56:51] EDIT model_twelve/views/acs_producao/index.html: 0
[2021-06-19 03:57:10] EDIT model_twelve/views/acs_producao/index.html: 1
[2021-06-19 03:57:50] EDIT model_twelve/views/acs_producao/index.html: 4
[2021-06-19 03:57:58] EDIT model_twelve/views/acs_producao/index.html: 1
[2021-06-19 03:58:25] EDIT model_twelve/views/acs_producao/index.html: 0
[2021-06-19 03:59:29] EDIT model_twelve/views/acs_producao/index.html: 1
[2021-06-19 03:59:42] EDIT model_twelve/views/acs_producao/index.html: 0
[2021-06-19 04:00:19] EDIT model_twelve/views/acs_producao/index.html: -1
[2021-06-19 04:01:51] EDIT model_twelve/views/acs_producao/index.html: 1
[2021-06-19 04:12:39] EDIT model_twelve/controllers/acs_producao.py: 5
[2021-06-19 04:13:40] EDIT model_twelve/views/acs_empresa/index.html: 0
[2021-06-19 04:14:01] EDIT model_twelve/views/acs_empresa/index.html: 0
[2021-06-19 04:14:11] EDIT model_twelve/views/acs_empresa/index.html: 0
[2021-06-19 04:14:23] EDIT model_twelve/models/db1.py: 1
[2021-06-19 04:15:29] EDIT model_twelve/controllers/acs_producao.py: 0
[2021-06-19 04:16:14] EDIT model_twelve/controllers/acs_producao.py: 0
[2021-06-19 04:16:34] EDIT model_twelve/views/acs_empresa/index.html: 0
[2021-06-19 04:16:51] EDIT model_twelve/views/acs_empresa/index.html: 0
[2021-06-19 04:18:00] EDIT model_twelve/views/acs_empresa/index.html: 3
[2021-06-19 04:27:30] EDIT model_twelve/views/acs_funcionario/index.html: 0
[2021-06-19 04:28:51] EDIT model_twelve/views/acs_empresa/index.html: 0
[2021-06-19 04:29:19] EDIT model_twelve/views/acs_empresa/index.html: 0
[2021-06-19 04:30:58] EDIT model_twelve/views/acs_empresa/index.html: 0
[2021-06-19 04:31:24] EDIT model_twelve/views/acs_empresa/index.html: 0
[2021-06-19 04:31:57] EDIT model_twelve/views/acs_empresa/index.html: 0
[2021-06-19 04:32:40] EDIT model_twelve/views/acs_empresa/index.html: 0
[2021-06-19 04:53:14] EDIT model_twelve/views/acs_empresa/index.html: 0
[2021-06-19 04:53:37] EDIT model_twelve/views/acs_empresa/index.html: 0
[2021-06-19 04:58:58] EDIT model_twelve/views/acs_empresa/index.html: 17
[2021-06-19 05:01:02] EDIT model_twelve/views/acs_empresa/index.html: 0
[2021-06-19 05:01:18] EDIT model_twelve/views/acs_empresa/index.html: 0
[2021-06-19 05:06:30] EDIT model_twelve/controllers/acs_projeto.py: 3
[2021-06-19 05:07:50] EDIT model_twelve/models/db1.py: 3
[2021-06-19 05:08:05] EDIT model_twelve/controllers/acs_projeto.py: 0
[2021-06-19 05:09:30] EDIT model_twelve/views/acs_empresa/index.html: 0
[2021-06-19 05:09:45] EDIT model_twelve/views/acs_empresa/index.html: 0
[2021-06-19 05:09:57] EDIT model_twelve/views/acs_empresa/index.html: 0
[2021-06-19 05:10:17] EDIT model_twelve/controllers/acs_projeto.py: 0
[2021-06-19 05:10:18] EDIT model_twelve/models/db1.py: 0
[2021-06-19 05:11:17] EDIT model_twelve/views/acs_empresa/index.html: 0
[2021-06-19 05:11:41] EDIT model_twelve/views/acs_empresa/index.html: 0
[2021-06-19 05:13:55] EDIT model_twelve/controllers/acs_producao.py: 1
[2021-06-19 05:14:11] EDIT model_twelve/models/db1.py: 1
[2021-06-19 05:14:35] EDIT model_twelve/views/acs_empresa/index.html: 0
[2021-06-19 05:15:06] EDIT model_twelve/views/acs_empresa/index.html: 0
[2021-06-19 05:15:37] EDIT model_twelve/views/acs_empresa/index.html: 0
[2021-06-19 05:17:28] EDIT model_twelve/views/acs_producao/index.html: 2
[2021-06-19 05:17:30] EDIT model_twelve/views/acs_producao/index.html: 0
[2021-06-19 05:19:03] EDIT model_twelve/controllers/acs_producao.py: 3
[2021-06-19 05:19:18] EDIT model_twelve/models/db1.py: 1
[2021-06-19 05:20:55] EDIT model_twelve/views/acs_empresa/index.html: 1
[2021-06-19 05:21:40] EDIT model_twelve/views/acs_empresa/index.html: 0
[2021-06-21 16:30:29] EDIT model_twelve/models/db1.py: 0
[2021-06-21 16:30:33] EDIT model_twelve/models/db1.py: 0
[2021-06-21 16:30:41] EDIT model_twelve/models/db1.py: 0
[2021-06-21 16:38:42] EDIT model_twelve/models/db2.py: 12
[2021-06-21 16:39:03] CREATE acs_investimento.py: 0
[2021-06-21 16:40:07] EDIT model_twelve/views/acs_empresa/index.html: 13
[2021-06-21 16:42:58] EDIT model_twelve/views/acs_empresa/index.html: 0
[2021-06-21 16:43:16] CREATE acs_investimento/index.html: 0
[2021-06-22 03:17:03] EDIT model_twelve/controllers/acs_investimento.py: 94
[2021-06-22 03:17:14] EDIT model_twelve/controllers/acs_investimento.py: -9
[2021-06-22 03:18:06] EDIT model_twelve/controllers/acs_investimento.py: 0
[2021-06-22 03:18:57] EDIT model_twelve/views/acs_cliente/index.html: 0
[2021-06-22 03:19:19] EDIT model_twelve/views/acs_investimento/index.html: 226
[2021-06-22 03:19:40] EDIT model_twelve/views/acs_investimento/index.html: 0
[2021-06-22 03:19:46] EDIT model_twelve/views/acs_investimento/index.html: 0
[2021-06-22 03:20:30] EDIT model_twelve/views/acs_investimento/index.html: -16
[2021-06-22 03:20:54] EDIT model_twelve/models/db2.py: 0
[2021-06-22 03:21:16] EDIT model_twelve/views/acs_investimento/index.html: 0
[2021-06-22 03:23:11] EDIT model_twelve/views/generic.html: 2
[2021-06-22 03:23:24] EDIT model_twelve/views/generic.html: 0
[2021-06-22 03:35:28] EDIT model_twelve/views/acs_investimento/index.html: 0
[2021-06-22 03:35:38] EDIT model_twelve/views/acs_investimento/index.html: -1
[2021-06-22 03:35:50] EDIT model_twelve/views/acs_investimento/index.html: 0
[2021-06-22 03:36:10] EDIT model_twelve/views/acs_investimento/index.html: -2
[2021-06-22 03:36:22] EDIT model_twelve/views/acs_investimento/index.html: -2
[2021-06-22 03:37:32] EDIT model_twelve/views/acs_investimento/index.html: 0
[2021-06-22 04:05:16] EDIT model_twelve/views/acs_investimento/index.html: 6
[2021-06-22 04:10:15] EDIT model_twelve/views/acs_investimento/index.html: 7
[2021-06-22 04:10:25] EDIT model_twelve/views/acs_investimento/index.html: 0
[2021-06-22 04:10:36] EDIT model_twelve/views/acs_investimento/index.html: 0
[2021-06-22 04:10:54] EDIT model_twelve/views/acs_investimento/index.html: 3
[2021-06-22 04:11:11] EDIT model_twelve/views/acs_investimento/index.html: 0
[2021-06-22 04:12:00] EDIT model_twelve/views/acs_investimento/index.html: 0
[2021-06-22 04:12:13] EDIT model_twelve/views/acs_investimento/index.html: 0
[2021-06-22 04:12:25] EDIT model_twelve/views/acs_investimento/index.html: 0
[2021-06-22 04:13:26] EDIT model_twelve/views/acs_investimento/index.html: 1
[2021-06-22 04:13:42] EDIT model_twelve/views/acs_investimento/index.html: 1
[2021-06-22 04:14:14] EDIT model_twelve/views/acs_investimento/index.html: 0
[2021-06-22 04:14:20] EDIT model_twelve/views/acs_investimento/index.html: 0
[2021-06-22 04:15:06] EDIT model_twelve/views/acs_investimento/index.html: 0
[2021-06-22 04:15:57] EDIT model_twelve/views/acs_investimento/index.html: 0
[2021-06-22 04:20:12] EDIT model_twelve/views/acs_investimento/index.html: 1
[2021-06-22 04:21:24] EDIT model_twelve/views/acs_investimento/index.html: 1
[2021-06-22 04:21:42] EDIT model_twelve/views/acs_investimento/index.html: -1
[2021-06-22 04:22:00] EDIT model_twelve/views/acs_investimento/index.html: -2
[2021-06-22 04:23:26] EDIT model_twelve/views/acs_investimento/index.html: 4
[2021-06-22 04:23:43] EDIT model_twelve/views/acs_investimento/index.html: 0
[2021-06-22 04:25:13] EDIT model_twelve/views/acs_investimento/index.html: 3
[2021-06-22 04:27:00] EDIT model_twelve/views/acs_investimento/index.html: 5
[2021-06-22 04:27:30] EDIT model_twelve/views/acs_investimento/index.html: -1
[2021-06-22 04:27:46] EDIT model_twelve/views/acs_investimento/index.html: 3
[2021-06-22 04:27:57] EDIT model_twelve/views/acs_investimento/index.html: 0
[2021-06-22 04:28:06] EDIT model_twelve/views/acs_investimento/index.html: 1
[2021-06-22 04:28:42] EDIT model_twelve/views/acs_investimento/index.html: 4
[2021-06-22 04:30:21] EDIT model_twelve/views/acs_investimento/index.html: 0
[2021-06-22 04:31:13] EDIT model_twelve/controllers/acs_investimento.py: 0
[2021-06-22 04:34:27] EDIT model_twelve/views/acs_investimento/index.html: 0
[2021-06-22 04:35:13] EDIT model_twelve/controllers/acs_investimento.py: 0
[2021-06-22 04:35:39] EDIT model_twelve/controllers/acs_investimento.py: 0
[2021-06-22 18:00:46] EDIT model_twelve/controllers/acs_fluxo_caixa.py: 0
[2021-06-22 22:21:59] EDIT model_twelve/models/db2.py: 2
[2021-06-22 22:22:22] EDIT model_twelve/views/acs_projeto/index.html: 1
[2021-06-22 22:23:58] EDIT model_twelve/views/acs_projeto/index.html: 3
[2021-06-22 22:24:53] EDIT model_twelve/models/db2.py: -1
[2021-06-22 22:26:06] EDIT model_twelve/views/acs_projeto/index.html: 0
[2021-06-22 22:31:20] EDIT model_twelve/views/acs_projeto/index.html: 0
[2021-06-22 22:34:50] EDIT model_twelve/controllers/acs_projeto.py: 0
[2021-06-22 22:37:00] EDIT model_twelve/controllers/acs_projeto.py: 0
[2021-06-22 22:40:30] EDIT model_twelve/views/acs_projeto/index.html: 1
[2021-06-28 01:55:45] EDIT model_twelve/views/acs_investimento/index.html: 0
[2021-06-28 02:02:58] EDIT model_twelve/models/db1.py: 2
[2021-06-28 02:04:15] EDIT model_twelve/controllers/acs_investimento.py: 4
[2021-06-28 02:04:39] EDIT model_twelve/controllers/acs_investimento.py: 1
[2021-06-28 02:04:42] EDIT model_twelve/controllers/acs_investimento.py: 0
[2021-06-28 02:05:08] EDIT model_twelve/controllers/acs_investimento.py: -1
[2021-06-28 02:05:47] EDIT model_twelve/views/acs_empresa/index.html: 0
[2021-06-28 02:06:16] EDIT model_twelve/views/acs_empresa/index.html: -1
[2021-06-28 02:06:42] EDIT model_twelve/models/db1.py: 1
[2021-06-28 02:07:28] EDIT model_twelve/controllers/acs_investimento.py: 1
[2021-06-28 02:08:00] EDIT model_twelve/views/acs_empresa/index.html: 1
[2021-06-28 02:08:27] EDIT model_twelve/views/acs_empresa/index.html: 0
[2021-06-28 02:10:01] EDIT model_twelve/views/acs_investimento/index.html: 4
[2021-06-28 02:11:08] EDIT model_twelve/controllers/acs_investimento.py: 1
[2021-06-28 02:11:43] EDIT model_twelve/views/acs_empresa/index.html: 0
[2021-07-09 18:42:22] EDIT model_twelve/views/acs_investimento/index.html: 1
[2021-07-13 01:16:28] EDIT model_twelve/views/acs_fluxo_caixa/index.html: 4
[2021-07-13 01:17:11] EDIT model_twelve/views/acs_fluxo_caixa/index.html: 1
[2021-07-13 01:17:33] EDIT model_twelve/views/acs_fluxo_caixa/index.html: 0
[2021-07-13 01:17:58] EDIT model_twelve/views/acs_fluxo_caixa/index.html: -1
[2021-07-13 01:18:30] EDIT model_twelve/views/acs_fluxo_caixa/index.html: 1
[2021-07-22 03:46:09] EDIT model_twelve/views/acs_empresa/index.html: 0
[2021-07-22 03:49:06] EDIT model_twelve/views/acs_investimento/index.html: 4
[2021-07-22 03:51:26] EDIT model_twelve/views/acs_investimento/index.html: 4
[2021-07-22 03:52:10] EDIT model_twelve/views/acs_investimento/index.html: 4
[2021-07-22 03:53:27] EDIT model_twelve/views/acs_empresa/index.html: 1
[2021-07-22 03:53:50] EDIT model_twelve/views/acs_empresa/index.html: 0
[2021-07-22 03:54:30] EDIT model_twelve/views/acs_empresa/index.html: 0
[2021-07-22 04:07:53] EDIT model_twelve/controllers/acs_producao.py: 9
[2021-07-22 04:08:14] EDIT model_twelve/controllers/acs_producao.py: 1
[2021-07-22 04:08:57] EDIT model_twelve/controllers/acs_producao.py: 0
[2021-07-22 04:09:23] EDIT model_twelve/controllers/acs_producao.py: 0
[2021-07-22 04:11:08] EDIT model_twelve/views/acs_producao/index.html: 2
[2021-07-22 04:12:03] EDIT model_twelve/views/acs_producao/index.html: 3
[2021-07-22 04:12:05] EDIT model_twelve/views/acs_producao/index.html: 0
[2021-07-22 04:14:12] EDIT model_twelve/views/acs_producao/index.html: 0
[2021-07-22 04:14:30] EDIT model_twelve/views/acs_producao/index.html: 0
[2021-07-22 04:15:18] EDIT model_twelve/views/acs_producao/index.html: 2
[2021-07-22 04:15:23] EDIT model_twelve/views/acs_producao/index.html: 0
[2021-07-22 04:15:41] EDIT model_twelve/views/acs_producao/index.html: 0
[2021-07-22 04:15:48] EDIT model_twelve/views/acs_producao/index.html: 0
[2021-07-22 04:16:43] EDIT model_twelve/views/acs_producao/index.html: 1
[2021-07-22 04:17:22] EDIT model_twelve/views/acs_producao/index.html: -1
[2021-07-22 04:17:33] EDIT model_twelve/views/acs_producao/index.html: 0
[2021-07-22 04:17:49] EDIT model_twelve/views/acs_producao/index.html: -2
[2021-07-22 04:17:58] EDIT model_twelve/views/acs_producao/index.html: 2
[2021-07-22 04:17:59] EDIT model_twelve/views/acs_producao/index.html: 0
[2021-07-22 04:18:30] EDIT model_twelve/views/acs_producao/index.html: 0
[2021-07-22 04:21:12] EDIT model_twelve/views/acs_producao/index.html: 2
[2021-07-22 04:21:47] EDIT model_twelve/views/acs_producao/index.html: 0
[2021-07-22 04:22:12] EDIT model_twelve/views/acs_producao/index.html: 0
[2021-07-22 04:22:58] EDIT model_twelve/views/acs_producao/index.html: 0
[2021-07-22 04:23:05] EDIT model_twelve/views/acs_producao/index.html: 0
[2021-07-22 04:23:30] EDIT model_twelve/views/acs_producao/index.html: 0
[2021-07-22 04:23:41] EDIT model_twelve/views/acs_producao/index.html: 0
[2021-07-22 04:23:47] EDIT model_twelve/views/acs_producao/index.html: 0
[2021-07-22 04:23:48] EDIT model_twelve/views/acs_producao/index.html: 0
[2021-07-22 04:23:50] EDIT model_twelve/views/acs_producao/index.html: 0
[2021-07-22 04:26:14] EDIT model_twelve/views/acs_producao/index.html: 0
[2021-07-22 04:26:28] EDIT model_twelve/views/acs_producao/index.html: 0
[2021-07-22 04:27:52] EDIT model_twelve/controllers/acs_producao.py: 0
[2021-07-22 04:29:12] EDIT model_twelve/views/acs_empresa/index.html: 6
[2021-07-22 04:29:29] CREATE acs_grafico.py: 0
[2021-07-22 04:30:20] EDIT model_twelve/controllers/acs_grafico.py: 30
[2021-07-22 04:30:33] CREATE acs_grafico/index.html: 0
[2021-07-22 04:39:33] EDIT model_twelve/controllers/acs_grafico.py: -13
[2021-07-22 04:40:38] EDIT model_twelve/controllers/acs_grafico.py: 0
[2021-07-22 04:41:16] EDIT model_twelve/controllers/acs_grafico.py: 0
[2021-07-22 04:43:12] EDIT model_twelve/controllers/acs_grafico.py: 1
[2021-07-22 04:44:25] EDIT model_twelve/controllers/acs_grafico.py: 0
[2021-07-22 04:44:46] EDIT model_twelve/controllers/acs_grafico.py: 0
[2021-07-22 04:48:24] EDIT model_twelve/views/acs_empresa/index.html: 1
[2021-07-22 04:48:30] EDIT model_twelve/views/acs_empresa/index.html: -1
[2021-07-22 04:48:41] EDIT model_twelve/views/acs_grafico/index.html: 1
[2021-07-22 04:48:58] EDIT model_twelve/views/acs_grafico/index.html: 40
[2021-07-22 04:50:34] EDIT model_twelve/views/acs_grafico/index.html: 1
[2021-07-22 04:50:48] EDIT model_twelve/views/acs_grafico/index.html: 0
[2021-07-22 04:51:46] EDIT model_twelve/views/acs_grafico/index.html: 2
[2021-07-22 04:52:09] EDIT model_twelve/views/acs_grafico/index.html: 0
[2021-07-22 04:57:13] EDIT model_twelve/views/acs_grafico/index.html: 8
[2021-07-22 04:57:38] EDIT model_twelve/views/acs_grafico/index.html: 0
[2021-07-22 04:58:14] EDIT model_twelve/views/acs_grafico/index.html: -9
[2021-07-22 04:58:38] EDIT model_twelve/views/acs_grafico/index.html: 0
[2021-07-22 05:02:20] EDIT model_twelve/views/acs_grafico/index.html: 0
[2021-07-22 05:02:39] EDIT model_twelve/views/acs_grafico/index.html: 0
[2021-07-22 05:03:08] EDIT model_twelve/views/acs_grafico/index.html: 0
[2021-07-22 05:03:59] EDIT model_twelve/views/acs_grafico/index.html: 0
[2021-07-22 05:04:26] EDIT model_twelve/views/acs_grafico/index.html: 0
[2021-07-22 05:04:30] EDIT model_twelve/views/acs_grafico/index.html: 0
[2021-07-22 05:11:21] EDIT model_twelve/views/acs_fluxo_caixa/index.html: 0
[2021-07-22 05:11:37] EDIT model_twelve/views/acs_fluxo_caixa/index.html: 0
[2021-07-22 05:14:46] EDIT model_twelve/controllers/acs_fluxo_caixa.py: 22
[2021-07-22 05:28:26] EDIT model_twelve/views/acs_grafico/index.html: -3
[2021-07-22 05:28:40] EDIT model_twelve/views/acs_grafico/index.html: 1
[2021-07-22 05:28:54] EDIT model_twelve/views/acs_grafico/index.html: -5
[2021-07-22 05:29:07] EDIT model_twelve/views/acs_grafico/index.html: 0
[2021-07-22 05:30:47] EDIT model_twelve/views/acs_grafico/index.html: 31
[2021-07-22 05:30:57] EDIT model_twelve/views/acs_grafico/index.html: 0
[2021-07-22 05:31:38] EDIT model_twelve/views/acs_grafico/index.html: 0
[2021-07-22 05:32:05] EDIT model_twelve/views/acs_grafico/index.html: 0
[2021-07-22 05:32:43] EDIT model_twelve/views/acs_grafico/index.html: 30
[2021-07-22 05:32:55] EDIT model_twelve/views/acs_grafico/index.html: 2
[2021-07-22 05:33:24] EDIT model_twelve/views/acs_grafico/index.html: 0
[2021-07-22 05:34:03] EDIT model_twelve/views/acs_grafico/index.html: -20
[2021-07-22 05:34:31] EDIT model_twelve/views/acs_grafico/index.html: 4
[2021-07-22 05:35:37] EDIT model_twelve/views/acs_grafico/index.html: 0
[2021-07-22 05:36:08] EDIT model_twelve/views/acs_grafico/index.html: 0
[2021-07-22 05:52:28] EDIT model_twelve/views/acs_grafico/index.html: 0
[2021-07-22 07:08:00] EDIT model_twelve/views/acs_grafico/index.html: 84
[2021-07-22 07:08:46] EDIT model_twelve/views/acs_grafico/index.html: 0
[2021-07-22 08:17:45] EDIT model_twelve/views/acs_grafico/index.html: 0
[2021-07-22 08:18:12] EDIT model_twelve/views/acs_grafico/index.html: 0
